<?xml version="1.0" encoding="utf-8"?>
<TestRun id="08505c90-6488-41e3-bd8d-f6a6fef66a00" name="craig@DESKTOP-Q2B1TQH 2023-09-04 16:29:32" runUser="DESKTOP-Q2B1TQH\craig" xmlns="http://microsoft.com/schemas/VisualStudio/TeamTest/2010">
  <Times creation="2023-09-04T16:29:32.0819873-04:00" queuing="2023-09-04T16:29:32.0819876-04:00" start="2023-09-04T16:29:30.6154988-04:00" finish="2023-09-04T16:29:32.0898147-04:00" />
  <TestSettings name="default" id="561930e1-c985-49cf-a649-8d224cb0efb8">
    <Deployment runDeploymentRoot="craig_DESKTOP-Q2B1TQH_2023-09-04_16_29_32" />
  </TestSettings>
  <Results>
    <UnitTestResult executionId="50136c2d-f90b-4b7c-9b58-25d00e84c91e" testId="ef8de6c7-df26-cab1-e3da-4f75d5dad833" testName="GetComments_ShouldReturnAllCommentsForPostTwo" computerName="DESKTOP-Q2B1TQH" duration="00:00:00.0450144" startTime="2023-09-04T16:29:31.8928891-04:00" endTime="2023-09-04T16:29:31.9381320-04:00" testType="13cdc9d9-ddb5-4fa4-a97d-d965ccfc6d4b" outcome="Passed" testListId="8c84fa94-04c1-424b-9868-57a2d4851a1d" relativeResultsDirectory="50136c2d-f90b-4b7c-9b58-25d00e84c91e" />
    <UnitTestResult executionId="9b83bf4e-240f-4c9e-b271-4ea850de4e5b" testId="fd730196-d60c-65a8-065d-f6ef7d87c51c" testName="GetComments_ShouldReturnAllCommentsForPostOne" computerName="DESKTOP-Q2B1TQH" duration="00:00:00.7923255" startTime="2023-09-04T16:29:31.0860242-04:00" endTime="2023-09-04T16:29:31.8881067-04:00" testType="13cdc9d9-ddb5-4fa4-a97d-d965ccfc6d4b" outcome="Passed" testListId="8c84fa94-04c1-424b-9868-57a2d4851a1d" relativeResultsDirectory="9b83bf4e-240f-4c9e-b271-4ea850de4e5b" />
    <UnitTestResult executionId="fa80c705-a2d6-4870-b06e-d5f2ef61b8d0" testId="f4b19263-27b9-32a4-f3eb-cda9e0637ca0" testName="GetComments_ShouldReturnAllCommentsForPostThree" computerName="DESKTOP-Q2B1TQH" duration="00:00:00.0100232" startTime="2023-09-04T16:29:31.9385679-04:00" endTime="2023-09-04T16:29:31.9489312-04:00" testType="13cdc9d9-ddb5-4fa4-a97d-d965ccfc6d4b" outcome="Passed" testListId="8c84fa94-04c1-424b-9868-57a2d4851a1d" relativeResultsDirectory="fa80c705-a2d6-4870-b06e-d5f2ef61b8d0" />
  </Results>
  <TestDefinitions>
    <UnitTest name="GetComments_ShouldReturnAllCommentsForPostThree" storage="d:\redditcloneasp-proj\redditcloneasp-tests\bin\debug\net7.0\redditcloneasp-tests.dll" id="f4b19263-27b9-32a4-f3eb-cda9e0637ca0">
      <Execution id="fa80c705-a2d6-4870-b06e-d5f2ef61b8d0" />
      <TestMethod codeBase="D:\RedditCloneASP-Proj\RedditCloneASP-Tests\bin\Debug\net7.0\RedditCloneASP-Tests.dll" adapterTypeName="executor://mstestadapter/v2" className="RedditCloneASP_Tests.CommentsControllerTests" name="GetComments_ShouldReturnAllCommentsForPostThree" />
    </UnitTest>
    <UnitTest name="GetComments_ShouldReturnAllCommentsForPostTwo" storage="d:\redditcloneasp-proj\redditcloneasp-tests\bin\debug\net7.0\redditcloneasp-tests.dll" id="ef8de6c7-df26-cab1-e3da-4f75d5dad833">
      <Execution id="50136c2d-f90b-4b7c-9b58-25d00e84c91e" />
      <TestMethod codeBase="D:\RedditCloneASP-Proj\RedditCloneASP-Tests\bin\Debug\net7.0\RedditCloneASP-Tests.dll" adapterTypeName="executor://mstestadapter/v2" className="RedditCloneASP_Tests.CommentsControllerTests" name="GetComments_ShouldReturnAllCommentsForPostTwo" />
    </UnitTest>
    <UnitTest name="GetComments_ShouldReturnAllCommentsForPostOne" storage="d:\redditcloneasp-proj\redditcloneasp-tests\bin\debug\net7.0\redditcloneasp-tests.dll" id="fd730196-d60c-65a8-065d-f6ef7d87c51c">
      <Execution id="9b83bf4e-240f-4c9e-b271-4ea850de4e5b" />
      <TestMethod codeBase="D:\RedditCloneASP-Proj\RedditCloneASP-Tests\bin\Debug\net7.0\RedditCloneASP-Tests.dll" adapterTypeName="executor://mstestadapter/v2" className="RedditCloneASP_Tests.CommentsControllerTests" name="GetComments_ShouldReturnAllCommentsForPostOne" />
    </UnitTest>
  </TestDefinitions>
  <TestEntries>
    <TestEntry testId="ef8de6c7-df26-cab1-e3da-4f75d5dad833" executionId="50136c2d-f90b-4b7c-9b58-25d00e84c91e" testListId="8c84fa94-04c1-424b-9868-57a2d4851a1d" />
    <TestEntry testId="fd730196-d60c-65a8-065d-f6ef7d87c51c" executionId="9b83bf4e-240f-4c9e-b271-4ea850de4e5b" testListId="8c84fa94-04c1-424b-9868-57a2d4851a1d" />
    <TestEntry testId="f4b19263-27b9-32a4-f3eb-cda9e0637ca0" executionId="fa80c705-a2d6-4870-b06e-d5f2ef61b8d0" testListId="8c84fa94-04c1-424b-9868-57a2d4851a1d" />
  </TestEntries>
  <TestLists>
    <TestList name="Results Not in a List" id="8c84fa94-04c1-424b-9868-57a2d4851a1d" />
    <TestList name="All Loaded Results" id="19431567-8539-422a-85d7-44ee4e166bda" />
  </TestLists>
  <ResultSummary outcome="Completed">
    <Counters total="3" executed="3" passed="3" failed="0" error="0" timeout="0" aborted="0" inconclusive="0" passedButRunAborted="0" notRunnable="0" notExecuted="0" disconnected="0" warning="0" completed="0" inProgress="0" pending="0" />
  </ResultSummary>
</TestRun>